[2J[01;01H[=3h[2J[01;01H[2J[01;01H[=3h[2J[01;01H[2J[01;01H[=3h[2J[01;01HBdsDxe: failed to load Boot0001 "UEFI QEMU DVD-ROM QM00003 " from PciRoot(0x0)/Pci(0x1,0x1)/Ata(Secondary,Master,0x0): Not Found
BdsDxe: loading Boot0002 "UEFI QEMU HARDDISK QM00001 " from PciRoot(0x0)/Pci(0x1,0x1)/Ata(Primary,Master,0x0)
BdsDxe: starting Boot0002 "UEFI QEMU HARDDISK QM00001 " from PciRoot(0x0)/Pci(0x1,0x1)/Ata(Primary,Master,0x0)
[2J[01;01H!!!! X64 Exception Type - 06(#UD - Invalid Opcode)  CPU Apic ID - 00000000 !!!!
RIP  - 000000007DC4BA30, CS  - 0000000000000038, RFLAGS - 0000000000000202
RAX  - 000000007E75CCFA, RCX - 000000007FE6A540, RDX - 000000007E761F50
RBX  - 0000000000000000, RSP - 000000007FE6A168, RBP - 000000007FE6A21A
RSI  - 000000007FE6A540, RDI - 000000007DC4BA30
R8   - 000000007FE6A330, R9  - 000000007E761F50, R10 - 0000000000000088
R11  - 0000000000000000, R12 - 000000007DC459B0, R13 - 000000007DC4F9B0
R14  - 000000007FE6A2E0, R15 - 000000007DC44A80
DS   - 0000000000000030, ES  - 0000000000000030, FS  - 0000000000000030
GS   - 0000000000000030, SS  - 0000000000000030
CR0  - 0000000080010033, CR2 - 0000000000000000, CR3 - 000000007F801000
CR4  - 0000000000000668, CR8 - 0000000000000000
DR0  - 0000000000000000, DR1 - 0000000000000000, DR2 - 0000000000000000
DR3  - 0000000000000000, DR6 - 00000000FFFF0FF0, DR7 - 0000000000000400
GDTR - 000000007F5DC000 0000000000000047, LDTR - 0000000000000000
IDTR - 000000007EFF9018 0000000000000FFF,   TR - 0000000000000000
FXSAVE_STATE - 000000007FE69DC0
!!!! Find image based on IP(0x7DC4BA30)  (ImageBase=000000007DC42000, EntryPoint=000000007DC43010) !!!!
